0 info it worked if it ends with ok
1 verbose cli [ '/Users/henry.charge/.nvm/versions/node/v7.0.0/bin/node',
1 verbose cli   '/Users/henry.charge/.nvm/versions/node/v7.0.0/bin/npm',
1 verbose cli   'start' ]
2 info using npm@3.10.8
3 info using node@v7.0.0
4 verbose run-script [ 'prestart', 'start', 'poststart' ]
5 info lifecycle express-prototype@7.0.0-beta.5~prestart: express-prototype@7.0.0-beta.5
6 silly lifecycle express-prototype@7.0.0-beta.5~prestart: no script for prestart, continuing
7 info lifecycle express-prototype@7.0.0-beta.5~start: express-prototype@7.0.0-beta.5
8 verbose lifecycle express-prototype@7.0.0-beta.5~start: unsafe-perm in lifecycle true
9 verbose lifecycle express-prototype@7.0.0-beta.5~start: PATH: /Users/henry.charge/.nvm/versions/node/v7.0.0/lib/node_modules/npm/bin/node-gyp-bin:/Users/henry.charge/dev/blue-badge/prototype-blue-badge/node_modules/.bin:/Users/henry.charge/.nvm/versions/node/v7.0.0/bin:/usr/local/bin:/usr/bin:/bin:/usr/sbin:/sbin:/usr/local/munki:/Users/henry.charge/.yarn/bin
10 verbose lifecycle express-prototype@7.0.0-beta.5~start: CWD: /Users/henry.charge/dev/blue-badge/prototype-blue-badge
11 silly lifecycle express-prototype@7.0.0-beta.5~start: Args: [ '-c', 'node start.js' ]
12 silly lifecycle express-prototype@7.0.0-beta.5~start: Returned: code: 1  signal: null
13 info lifecycle express-prototype@7.0.0-beta.5~start: Failed to exec start script
14 verbose stack Error: express-prototype@7.0.0-beta.5 start: `node start.js`
14 verbose stack Exit status 1
14 verbose stack     at EventEmitter.<anonymous> (/Users/henry.charge/.nvm/versions/node/v7.0.0/lib/node_modules/npm/lib/utils/lifecycle.js:255:16)
14 verbose stack     at emitTwo (events.js:106:13)
14 verbose stack     at EventEmitter.emit (events.js:191:7)
14 verbose stack     at ChildProcess.<anonymous> (/Users/henry.charge/.nvm/versions/node/v7.0.0/lib/node_modules/npm/lib/utils/spawn.js:40:14)
14 verbose stack     at emitTwo (events.js:106:13)
14 verbose stack     at ChildProcess.emit (events.js:191:7)
14 verbose stack     at maybeClose (internal/child_process.js:877:16)
14 verbose stack     at Process.ChildProcess._handle.onexit (internal/child_process.js:226:5)
15 verbose pkgid express-prototype@7.0.0-beta.5
16 verbose cwd /Users/henry.charge/dev/blue-badge/prototype-blue-badge
17 error Darwin 17.5.0
18 error argv "/Users/henry.charge/.nvm/versions/node/v7.0.0/bin/node" "/Users/henry.charge/.nvm/versions/node/v7.0.0/bin/npm" "start"
19 error node v7.0.0
20 error npm  v3.10.8
21 error code ELIFECYCLE
22 error express-prototype@7.0.0-beta.5 start: `node start.js`
22 error Exit status 1
23 error Failed at the express-prototype@7.0.0-beta.5 start script 'node start.js'.
23 error Make sure you have the latest version of node.js and npm installed.
23 error If you do, this is most likely a problem with the express-prototype package,
23 error not with npm itself.
23 error Tell the author that this fails on your system:
23 error     node start.js
23 error You can get information on how to open an issue for this project with:
23 error     npm bugs express-prototype
23 error Or if that isn't available, you can get their info via:
23 error     npm owner ls express-prototype
23 error There is likely additional logging output above.
24 verbose exit [ 1, true ]
